# JRE version: OpenJDK Runtime Environment (8.0_242) (build 1.8.0_242-release-1644-b3-6222593)
# Java VM: OpenJDK 64-Bit Server VM (25.242-b3-6222593 mixed mode linux-amd64 compressed oops)
Heap:
 PSYoungGen      total 561152K, used 1017K [0x00000000d5580000, 0x0000000100000000, 0x0000000100000000)
  eden space 500224K, 0% used [0x00000000d5580000,0x00000000d5580000,0x00000000f3e00000)
  from space 60928K, 1% used [0x00000000fc480000,0x00000000fc57e568,0x0000000100000000)
  to   space 99328K, 0% used [0x00000000f3e00000,0x00000000f3e00000,0x00000000f9f00000)
 ParOldGen       total 216576K, used 216569K [0x0000000080000000, 0x000000008d380000, 0x00000000d5580000)
  object space 216576K, 99% used [0x0000000080000000,0x000000008d37e6e0,0x000000008d380000)
 Metaspace       used 152439K, capacity 163604K, committed 164016K, reserved 1191936K
  class space    used 18769K, capacity 20604K, committed 20912K, reserved 1048576K
GC Heap History (10 events):
Event: 4947.250 GC heap after
Heap after GC invocations=142 (full 9):
 PSYoungGen      total 613376K, used 14048K [0x00000000d5580000, 0x00000000ff580000, 0x0000000100000000)
  eden space 547840K, 0% used [0x00000000d5580000,0x00000000d5580000,0x00000000f6c80000)
  from space 65536K, 21% used [0x00000000fb580000,0x00000000fc338000,0x00000000ff580000)
  to   space 70144K, 0% used [0x00000000f6c80000,0x00000000f6c80000,0x00000000fb100000)
 ParOldGen       total 216576K, used 135923K [0x0000000080000000, 0x000000008d380000, 0x00000000d5580000)
  object space 216576K, 62% used [0x0000000080000000,0x00000000884bcd80,0x000000008d380000)
 Metaspace       used 151565K, capacity 162508K, committed 162992K, reserved 1191936K
  class space    used 18675K, capacity 20468K, committed 20656K, reserved 1048576K
}
Event: 4949.909 GC heap before
{Heap before GC invocations=143 (full 9):
 PSYoungGen      total 613376K, used 561888K [0x00000000d5580000, 0x00000000ff580000, 0x0000000100000000)
  eden space 547840K, 100% used [0x00000000d5580000,0x00000000f6c80000,0x00000000f6c80000)
  from space 65536K, 21% used [0x00000000fb580000,0x00000000fc338000,0x00000000ff580000)
  to   space 70144K, 0% used [0x00000000f6c80000,0x00000000f6c80000,0x00000000fb100000)
 ParOldGen       total 216576K, used 135923K [0x0000000080000000, 0x000000008d380000, 0x00000000d5580000)
  object space 216576K, 62% used [0x0000000080000000,0x00000000884bcd80,0x000000008d380000)
 Metaspace       used 151566K, capacity 162508K, committed 162992K, reserved 1191936K
  class space    used 18675K, capacity 20468K, committed 20656K, reserved 1048576K
Event: 4949.943 GC heap after
Heap after GC invocations=143 (full 9):
 PSYoungGen      total 617984K, used 18624K [0x00000000d5580000, 0x00000000ffb80000, 0x0000000100000000)
  eden space 547840K, 0% used [0x00000000d5580000,0x00000000d5580000,0x00000000f6c80000)
  from space 70144K, 26% used [0x00000000f6c80000,0x00000000f7eb0000,0x00000000fb100000)
  to   space 65536K, 0% used [0x00000000fbb80000,0x00000000fbb80000,0x00000000ffb80000)
 ParOldGen       total 216576K, used 135923K [0x0000000080000000, 0x000000008d380000, 0x00000000d5580000)
  object space 216576K, 62% used [0x0000000080000000,0x00000000884bcd80,0x000000008d380000)
 Metaspace       used 151566K, capacity 162508K, committed 162992K, reserved 1191936K
  class space    used 18675K, capacity 20468K, committed 20656K, reserved 1048576K
}
Event: 4952.051 GC heap before
{Heap before GC invocations=144 (full 9):
 PSYoungGen      total 617984K, used 566464K [0x00000000d5580000, 0x00000000ffb80000, 0x0000000100000000)
  eden space 547840K, 100% used [0x00000000d5580000,0x00000000f6c80000,0x00000000f6c80000)
  from space 70144K, 26% used [0x00000000f6c80000,0x00000000f7eb0000,0x00000000fb100000)
  to   space 65536K, 0% used [0x00000000fbb80000,0x00000000fbb80000,0x00000000ffb80000)
 ParOldGen       total 216576K, used 135923K [0x0000000080000000, 0x000000008d380000, 0x00000000d5580000)
  object space 216576K, 62% used [0x0000000080000000,0x00000000884bcd80,0x000000008d380000)
 Metaspace       used 151570K, capacity 162508K, committed 162992K, reserved 1191936K
  class space    used 18675K, capacity 20468K, committed 20656K, reserved 1048576K
Event: 4952.120 GC heap after
Heap after GC invocations=144 (full 9):
 PSYoungGen      total 622592K, used 24736K [0x00000000d5580000, 0x00000000ff580000, 0x0000000100000000)
  eden space 563200K, 0% used [0x00000000d5580000,0x00000000d5580000,0x00000000f7b80000)
  from space 59392K, 41% used [0x00000000fbb80000,0x00000000fd3a8000,0x00000000ff580000)
  to   space 62464K, 0% used [0x00000000f7b80000,0x00000000f7b80000,0x00000000fb880000)
 ParOldGen       total 216576K, used 135923K [0x0000000080000000, 0x000000008d380000, 0x00000000d5580000)
  object space 216576K, 62% used [0x0000000080000000,0x00000000884bcd80,0x000000008d380000)
 Metaspace       used 151570K, capacity 162508K, committed 162992K, reserved 1191936K
  class space    used 18675K, capacity 20468K, committed 20656K, reserved 1048576K
}
Event: 4954.040 GC heap before
{Heap before GC invocations=145 (full 9):
 PSYoungGen      total 622592K, used 587936K [0x00000000d5580000, 0x00000000ff580000, 0x0000000100000000)
  eden space 563200K, 100% used [0x00000000d5580000,0x00000000f7b80000,0x00000000f7b80000)
  from space 59392K, 41% used [0x00000000fbb80000,0x00000000fd3a8000,0x00000000ff580000)
  to   space 62464K, 0% used [0x00000000f7b80000,0x00000000f7b80000,0x00000000fb880000)
 ParOldGen       total 216576K, used 135923K [0x0000000080000000, 0x000000008d380000, 0x00000000d5580000)
  object space 216576K, 62% used [0x0000000080000000,0x00000000884bcd80,0x000000008d380000)
 Metaspace       used 151573K, capacity 162514K, committed 162992K, reserved 1191936K
  class space    used 18676K, capacity 20469K, committed 20656K, reserved 1048576K
Event: 4954.116 GC heap after
Heap after GC invocations=145 (full 9):
 PSYoungGen      total 625664K, used 28080K [0x00000000d5580000, 0x0000000100000000, 0x0000000100000000)
  eden space 563200K, 0% used [0x00000000d5580000,0x00000000d5580000,0x00000000f7b80000)
  from space 62464K, 44% used [0x00000000f7b80000,0x00000000f96ec068,0x00000000fb880000)
  to   space 60928K, 0% used [0x00000000fc480000,0x00000000fc480000,0x0000000100000000)
 ParOldGen       total 216576K, used 135931K [0x0000000080000000, 0x000000008d380000, 0x00000000d5580000)
  object space 216576K, 62% used [0x0000000080000000,0x00000000884bed80,0x000000008d380000)
 Metaspace       used 151573K, capacity 162514K, committed 162992K, reserved 1191936K
  class space    used 18676K, capacity 20469K, committed 20656K, reserved 1048576K
}
Event: 4979.395 GC heap before
{Heap before GC invocations=146 (full 9):
 PSYoungGen      total 625664K, used 591280K [0x00000000d5580000, 0x0000000100000000, 0x0000000100000000)
  eden space 563200K, 100% used [0x00000000d5580000,0x00000000f7b80000,0x00000000f7b80000)
  from space 62464K, 44% used [0x00000000f7b80000,0x00000000f96ec068,0x00000000fb880000)
  to   space 60928K, 0% used [0x00000000fc480000,0x00000000fc480000,0x0000000100000000)
 ParOldGen       total 216576K, used 135931K [0x0000000080000000, 0x000000008d380000, 0x00000000d5580000)
  object space 216576K, 62% used [0x0000000080000000,0x00000000884bed80,0x000000008d380000)
 Metaspace       used 152463K, capacity 163668K, committed 164016K, reserved 1191936K
  class space    used 18777K, capacity 20620K, committed 20912K, reserved 1048576K
Event: 4979.717 GC heap after
Heap after GC invocations=146 (full 9):
 PSYoungGen      total 561152K, used 60922K [0x00000000d5580000, 0x0000000100000000, 0x0000000100000000)
  eden space 500224K, 0% used [0x00000000d5580000,0x00000000d5580000,0x00000000f3e00000)
  from space 60928K, 99% used [0x00000000fc480000,0x00000000ffffe9d0,0x0000000100000000)
  to   space 99328K, 0% used [0x00000000f3e00000,0x00000000f3e00000,0x00000000f9f00000)
 ParOldGen       total 216576K, used 210536K [0x0000000080000000, 0x000000008d380000, 0x00000000d5580000)
  object space 216576K, 97% used [0x0000000080000000,0x000000008cd9a2f8,0x000000008d380000)
 Metaspace       used 152463K, capacity 163668K, committed 164016K, reserved 1191936K
  class space    used 18777K, capacity 20620K, committed 20912K, reserved 1048576K
}
Event: 4979.717 GC heap before
{Heap before GC invocations=147 (full 10):
 PSYoungGen      total 561152K, used 60922K [0x00000000d5580000, 0x0000000100000000, 0x0000000100000000)
  eden space 500224K, 0% used [0x00000000d5580000,0x00000000d5580000,0x00000000f3e00000)
  from space 60928K, 99% used [0x00000000fc480000,0x00000000ffffe9d0,0x0000000100000000)
  to   space 99328K, 0% used [0x00000000f3e00000,0x00000000f3e00000,0x00000000f9f00000)
 ParOldGen       total 216576K, used 210536K [0x0000000080000000, 0x000000008d380000, 0x00000000d5580000)
  object space 216576K, 97% used [0x0000000080000000,0x000000008cd9a2f8,0x000000008d380000)
 Metaspace       used 152463K, capacity 163668K, committed 164016K, reserved 1191936K
  class space    used 18777K, capacity 20620K, committed 20912K, reserved 1048576K

